<?xml version="1.0" encoding="UTF-8"?>
<!-- Generated by org.testng.reporters.JUnitXMLReporter -->
<testsuite ignored="2" hostname="DESKTOP-FJTDLHU" failures="0" tests="1" name="Default test" time="4.89" errors="0" timestamp="2025-03-29T15:17:45 IST">
  <testcase classname="EndToEndTeesting.TutorialNinja" name="searchProduct" time="2.529"/>
  <testcase classname="EndToEndTeesting.TutorialNinja" name="Register" time="0.0">
    <ignored/>
  </testcase> <!-- Register -->
  <testcase classname="EndToEndTeesting.TutorialNinja" name="login" time="0.0">
    <ignored/>
  </testcase> <!-- login -->
</testsuite> <!-- Default test -->
